c:\cpp_files\mycategory\mycategory\x64\debug\vc143.pdb
c:\cpp_files\mycategory\mycategory\x64\debug\vc143.idb
c:\cpp_files\mycategory\mycategory\x64\debug\tag.obj
c:\cpp_files\mycategory\mycategory\x64\debug\main.obj
c:\cpp_files\mycategory\mycategory\x64\debug\mycategory.ilk
c:\cpp_files\mycategory\x64\debug\mycategory.pdb
c:\cpp_files\mycategory\mycategory\x64\debug\mycategory.tlog\cl.command.1.tlog
c:\cpp_files\mycategory\mycategory\x64\debug\mycategory.tlog\cl.items.tlog
c:\cpp_files\mycategory\mycategory\x64\debug\mycategory.tlog\cl.read.1.tlog
c:\cpp_files\mycategory\mycategory\x64\debug\mycategory.tlog\cl.write.1.tlog
c:\cpp_files\mycategory\mycategory\x64\debug\mycategory.tlog\link-cvtres.read.1.tlog
c:\cpp_files\mycategory\mycategory\x64\debug\mycategory.tlog\link-cvtres.write.1.tlog
c:\cpp_files\mycategory\mycategory\x64\debug\mycategory.tlog\link-rc.read.1.tlog
c:\cpp_files\mycategory\mycategory\x64\debug\mycategory.tlog\link-rc.write.1.tlog
c:\cpp_files\mycategory\mycategory\x64\debug\mycategory.tlog\link.8016-cvtres.read.1.tlog
c:\cpp_files\mycategory\mycategory\x64\debug\mycategory.tlog\link.8016-cvtres.write.1.tlog
c:\cpp_files\mycategory\mycategory\x64\debug\mycategory.tlog\link.8016-rc.read.1.tlog
c:\cpp_files\mycategory\mycategory\x64\debug\mycategory.tlog\link.8016-rc.write.1.tlog
c:\cpp_files\mycategory\mycategory\x64\debug\mycategory.tlog\link.8016.read.1.tlog
c:\cpp_files\mycategory\mycategory\x64\debug\mycategory.tlog\link.8016.read.2.tlog
c:\cpp_files\mycategory\mycategory\x64\debug\mycategory.tlog\link.8016.write.1.tlog
c:\cpp_files\mycategory\mycategory\x64\debug\mycategory.tlog\link.command.1.tlog
c:\cpp_files\mycategory\mycategory\x64\debug\mycategory.tlog\link.read.1.tlog
c:\cpp_files\mycategory\mycategory\x64\debug\mycategory.tlog\link.read.2.tlog
c:\cpp_files\mycategory\mycategory\x64\debug\mycategory.tlog\link.secondary.1.tlog
c:\cpp_files\mycategory\mycategory\x64\debug\mycategory.tlog\link.write.1.tlog
